TN:
SF:src/config/redis.ts
FN:16,reconnectStrategy
FN:43,connectRedis
FNF:2
FNH:0
FNDA:0,reconnectStrategy
FNDA:0,connectRedis
DA:1,1
DA:2,1
DA:3,1
DA:4,1
DA:5,1
DA:6,1
DA:7,1
DA:8,0
DA:9,0
DA:10,0
DA:11,0
DA:12,0
DA:13,0
DA:14,0
DA:15,0
DA:16,0
DA:17,0
DA:18,0
DA:19,0
DA:20,0
DA:21,0
DA:22,0
DA:23,0
DA:24,0
DA:25,0
DA:26,0
DA:27,0
DA:28,0
DA:29,0
DA:30,0
DA:31,0
DA:32,0
DA:33,0
DA:34,0
DA:35,0
DA:36,0
DA:37,0
DA:38,0
DA:39,0
DA:40,0
DA:41,0
DA:42,1
DA:43,1
DA:44,0
DA:45,0
DA:46,0
DA:47,0
DA:48,0
DA:49,0
DA:50,0
DA:51,0
DA:52,0
DA:53,0
DA:54,0
DA:55,0
DA:56,0
DA:57,0
DA:58,0
DA:59,0
DA:60,1
DA:61,1
LF:61
LH:11
BRDA:7,0,0,0
BRF:1
BRH:0
end_of_record
TN:
SF:src/controllers/MessageController.ts
FN:13,sendMessage
FN:94,sendPresence
FN:122,sendReaction
FN:160,editMessage
FN:196,revokeMessage
FNF:5
FNH:3
FNDA:6,sendMessage
FNDA:0,sendPresence
FNDA:1,sendReaction
FNDA:0,editMessage
FNDA:1,revokeMessage
DA:1,1
DA:2,1
DA:3,1
DA:4,1
DA:5,1
DA:6,1
DA:7,1
DA:8,1
DA:9,1
DA:10,1
DA:11,1
DA:12,1
DA:13,1
DA:14,6
DA:15,6
DA:16,1
DA:17,1
DA:18,1
DA:19,5
DA:20,5
DA:21,5
DA:22,5
DA:23,5
DA:24,6
DA:25,1
DA:26,1
DA:27,1
DA:28,4
DA:29,4
DA:30,4
DA:31,4
DA:32,4
DA:33,4
DA:34,4
DA:35,6
DA:36,6
DA:37,6
DA:38,6
DA:39,0
DA:40,0
DA:41,0
DA:42,0
DA:43,0
DA:44,0
DA:45,0
DA:46,4
DA:47,4
DA:48,6
DA:49,3
DA:50,6
DA:51,0
DA:52,0
DA:53,0
DA:54,0
DA:55,0
DA:56,0
DA:57,0
DA:58,0
DA:59,0
DA:60,0
DA:61,0
DA:62,0
DA:63,0
DA:64,0
DA:65,0
DA:66,0
DA:67,0
DA:68,0
DA:69,0
DA:70,0
DA:71,0
DA:72,0
DA:73,4
DA:74,6
DA:75,1
DA:76,1
DA:77,1
DA:78,3
DA:79,3
DA:80,3
DA:81,3
DA:82,3
DA:83,2
DA:84,2
DA:85,2
DA:86,6
DA:87,6
DA:88,6
DA:89,1
DA:90,1
DA:91,1
DA:92,6
DA:93,1
DA:94,1
DA:95,0
DA:96,0
DA:97,0
DA:98,0
DA:99,0
DA:100,0
DA:101,0
DA:102,0
DA:103,0
DA:104,0
DA:105,0
DA:106,0
DA:107,0
DA:108,0
DA:109,0
DA:110,0
DA:111,0
DA:112,0
DA:113,0
DA:114,0
DA:115,0
DA:116,0
DA:117,0
DA:118,0
DA:119,0
DA:120,0
DA:121,1
DA:122,1
DA:123,1
DA:124,1
DA:125,0
DA:126,0
DA:127,0
DA:128,1
DA:129,1
DA:130,1
DA:131,1
DA:132,1
DA:133,1
DA:134,0
DA:135,0
DA:136,0
DA:137,1
DA:138,1
DA:139,1
DA:140,1
DA:141,1
DA:142,1
DA:143,1
DA:144,1
DA:145,1
DA:146,1
DA:147,1
DA:148,1
DA:149,1
DA:150,1
DA:151,1
DA:152,1
DA:153,1
DA:154,1
DA:155,0
DA:156,0
DA:157,0
DA:158,1
DA:159,1
DA:160,1
DA:161,0
DA:162,0
DA:163,0
DA:164,0
DA:165,0
DA:166,0
DA:167,0
DA:168,0
DA:169,0
DA:170,0
DA:171,0
DA:172,0
DA:173,0
DA:174,0
DA:175,0
DA:176,0
DA:177,0
DA:178,0
DA:179,0
DA:180,0
DA:181,0
DA:182,0
DA:183,0
DA:184,0
DA:185,0
DA:186,0
DA:187,0
DA:188,0
DA:189,0
DA:190,0
DA:191,0
DA:192,0
DA:193,0
DA:194,0
DA:195,1
DA:196,1
DA:197,1
DA:198,1
DA:199,1
DA:200,1
DA:201,1
DA:202,0
DA:203,0
DA:204,0
DA:205,0
DA:206,0
DA:207,0
DA:208,0
DA:209,0
DA:210,0
DA:211,0
DA:212,0
DA:213,0
DA:214,0
DA:215,0
DA:216,0
DA:217,0
DA:218,0
DA:219,0
DA:220,0
DA:221,0
DA:222,0
DA:223,0
DA:224,0
DA:225,0
DA:226,0
DA:227,0
DA:228,0
DA:229,1
DA:230,1
LF:230
LH:105
BRDA:13,0,0,6
BRDA:15,1,0,1
BRDA:19,2,0,5
BRDA:24,3,0,1
BRDA:28,4,0,4
BRDA:35,5,0,0
BRDA:35,6,0,4
BRDA:36,7,0,0
BRDA:36,8,0,4
BRDA:38,9,0,0
BRDA:46,10,0,4
BRDA:48,11,0,3
BRDA:48,12,0,3
BRDA:50,13,0,1
BRDA:50,14,0,0
BRDA:73,15,0,4
BRDA:74,16,0,1
BRDA:78,17,0,3
BRDA:83,18,0,2
BRDA:86,19,0,0
BRDA:88,20,0,1
BRDA:90,21,0,0
BRDA:30,22,0,4
BRDA:31,23,0,4
BRDA:122,24,0,1
BRDA:124,25,0,0
BRDA:133,26,0,0
BRDA:154,27,0,0
BRDA:139,28,0,1
BRDA:196,29,0,1
BRDA:202,30,0,0
BRF:31
BRH:21
end_of_record
TN:
SF:src/controllers/SessionController.ts
FN:8,initSession
FN:42,terminateSession
FN:56,reconnectSession
FN:69,getStatus
FN:79,listSessions
FNF:5
FNH:4
FNDA:3,initSession
FNDA:1,terminateSession
FNDA:0,reconnectSession
FNDA:1,getStatus
FNDA:1,listSessions
DA:1,1
DA:2,1
DA:3,1
DA:4,1
DA:5,1
DA:6,1
DA:7,1
DA:8,1
DA:9,3
DA:10,3
DA:11,2
DA:12,2
DA:13,2
DA:14,1
DA:15,1
DA:16,3
DA:17,3
DA:18,3
DA:19,3
DA:20,3
DA:21,3
DA:22,1
DA:23,3
DA:24,0
DA:25,0
DA:26,1
DA:27,1
DA:28,1
DA:29,1
DA:30,1
DA:31,1
DA:32,0
DA:33,1
DA:34,1
DA:35,1
DA:36,3
DA:37,0
DA:38,0
DA:39,0
DA:40,3
DA:41,1
DA:42,1
DA:43,1
DA:44,1
DA:45,1
DA:46,1
DA:47,1
DA:48,1
DA:49,1
DA:50,1
DA:51,0
DA:52,0
DA:53,0
DA:54,1
DA:55,1
DA:56,1
DA:57,0
DA:58,0
DA:59,0
DA:60,0
DA:61,0
DA:62,0
DA:63,0
DA:64,0
DA:65,0
DA:66,0
DA:67,0
DA:68,1
DA:69,1
DA:70,1
DA:71,1
DA:72,1
DA:73,1
DA:74,1
DA:75,0
DA:76,0
DA:77,1
DA:78,1
DA:79,1
DA:80,1
DA:81,1
DA:82,1
DA:83,1
DA:84,1
DA:85,0
DA:86,0
DA:87,1
DA:88,1
LF:88
LH:64
BRDA:8,0,0,3
BRDA:10,1,0,2
BRDA:14,2,0,1
BRDA:16,3,0,0
BRDA:22,4,0,1
BRDA:23,5,0,0
BRDA:26,6,0,1
BRDA:36,7,0,0
BRDA:42,8,0,1
BRDA:50,9,0,0
BRDA:69,10,0,1
BRDA:74,11,0,0
BRDA:79,12,0,1
BRDA:84,13,0,0
BRF:14
BRH:8
end_of_record
TN:
SF:src/middleware/internalAuth.ts
FN:9,internalAuth
FNF:1
FNH:1
FNDA:17,internalAuth
DA:1,1
DA:2,1
DA:3,1
DA:4,1
DA:5,1
DA:6,1
DA:7,1
DA:8,1
DA:9,1
DA:10,17
DA:11,1
DA:12,1
DA:13,1
DA:14,1
DA:15,16
DA:16,16
DA:17,16
DA:18,2
DA:19,2
DA:20,2
DA:21,2
DA:22,14
DA:23,14
DA:24,14
LF:24
LH:24
BRDA:9,0,0,17
BRDA:10,1,0,1
BRDA:15,2,0,16
BRDA:17,3,0,2
BRDA:22,4,0,14
BRF:5
BRH:5
end_of_record
TN:
SF:src/routes/message.routes.ts
FNF:0
FNH:0
DA:1,1
DA:2,1
DA:3,1
DA:4,1
DA:5,1
DA:6,1
DA:7,1
DA:8,1
DA:9,1
DA:10,1
DA:11,1
DA:12,1
LF:12
LH:12
BRF:0
BRH:0
end_of_record
TN:
SF:src/routes/session.routes.ts
FNF:0
FNH:0
DA:1,1
DA:2,1
DA:3,1
DA:4,1
DA:5,1
DA:6,1
DA:7,1
DA:8,1
DA:9,1
DA:10,1
DA:11,1
DA:12,1
LF:12
LH:12
BRF:0
BRH:0
end_of_record
TN:
SF:src/schemas/message.schema.ts
FNF:0
FNH:0
DA:1,1
DA:2,1
DA:3,1
DA:4,1
DA:5,1
DA:6,1
DA:7,1
DA:8,1
DA:9,1
DA:10,1
DA:11,1
DA:12,1
DA:13,1
DA:14,1
DA:15,1
DA:16,1
DA:17,1
DA:18,1
DA:19,1
DA:20,1
DA:21,1
DA:22,1
DA:23,1
DA:24,1
DA:25,1
DA:26,1
DA:27,1
DA:28,1
DA:29,1
DA:30,1
DA:31,1
DA:32,1
DA:33,1
DA:34,1
DA:35,1
DA:36,1
DA:37,1
DA:38,1
DA:39,1
DA:40,1
DA:41,1
DA:42,1
DA:43,1
DA:44,1
DA:45,1
DA:46,1
DA:47,1
DA:48,1
DA:49,1
DA:50,1
DA:51,1
DA:52,1
DA:53,1
DA:54,1
DA:55,1
DA:56,1
DA:57,1
DA:58,1
DA:59,1
DA:60,1
DA:61,1
DA:62,1
DA:63,1
DA:64,1
DA:65,1
LF:65
LH:65
BRF:0
BRH:0
end_of_record
TN:
SF:src/schemas/session.schema.ts
FNF:0
FNH:0
DA:1,1
DA:2,1
DA:3,1
DA:4,1
DA:5,1
DA:6,1
DA:7,1
DA:8,1
DA:9,1
DA:10,1
DA:11,1
DA:12,1
LF:12
LH:12
BRF:0
BRH:0
end_of_record
TN:
SF:src/utils/logger.ts
FNF:0
FNH:0
DA:1,1
DA:2,1
DA:3,1
DA:4,1
DA:5,1
DA:6,1
DA:7,1
DA:8,1
DA:9,0
DA:10,0
DA:11,0
DA:12,0
DA:13,0
DA:14,0
DA:15,0
DA:16,1
DA:17,1
LF:17
LH:10
BRDA:8,0,0,0
BRF:1
BRH:0
end_of_record
TN:
SF:src/whatsapp/ConnectionHealer.ts
FN:26,ConnectionHealer
FN:30,startHeartbeat
FN:90,stopHeartbeat
FN:99,resetRetryCount
FN:104,scheduleReconnect
FN:171,cancelReconnect
FN:179,hasReconnectPending
FN:183,cleanupSession
FN:189,destroy
FN:199,getStats
FNF:10
FNH:2
FNDA:15,ConnectionHealer
FNDA:0,startHeartbeat
FNDA:0,stopHeartbeat
FNDA:0,resetRetryCount
FNDA:0,scheduleReconnect
FNDA:0,cancelReconnect
FNDA:1,hasReconnectPending
FNDA:0,cleanupSession
FNDA:0,destroy
FNDA:0,getStats
DA:1,1
DA:2,1
DA:3,1
DA:4,1
DA:5,1
DA:6,1
DA:7,1
DA:8,1
DA:9,1
DA:10,1
DA:11,1
DA:12,1
DA:13,1
DA:14,1
DA:15,1
DA:16,1
DA:17,1
DA:18,1
DA:19,1
DA:20,1
DA:21,1
DA:22,1
DA:23,1
DA:24,1
DA:25,1
DA:26,1
DA:27,15
DA:28,15
DA:29,1
DA:30,1
DA:31,0
DA:32,0
DA:33,0
DA:34,0
DA:35,0
DA:36,0
DA:37,0
DA:38,0
DA:39,0
DA:40,0
DA:41,0
DA:42,0
DA:43,0
DA:44,0
DA:45,0
DA:46,0
DA:47,0
DA:48,0
DA:49,0
DA:50,0
DA:51,0
DA:52,0
DA:53,0
DA:54,0
DA:55,0
DA:56,0
DA:57,0
DA:58,0
DA:59,0
DA:60,0
DA:61,0
DA:62,0
DA:63,0
DA:64,0
DA:65,0
DA:66,0
DA:67,0
DA:68,0
DA:69,0
DA:70,0
DA:71,0
DA:72,0
DA:73,0
DA:74,0
DA:75,0
DA:76,0
DA:77,0
DA:78,0
DA:79,0
DA:80,0
DA:81,0
DA:82,0
DA:83,0
DA:84,0
DA:85,0
DA:86,0
DA:87,0
DA:88,0
DA:89,1
DA:90,1
DA:91,0
DA:92,0
DA:93,0
DA:94,0
DA:95,0
DA:96,0
DA:97,0
DA:98,1
DA:99,1
DA:100,0
DA:101,0
DA:102,0
DA:103,1
DA:104,1
DA:105,0
DA:106,0
DA:107,0
DA:108,0
DA:109,0
DA:110,0
DA:111,0
DA:112,0
DA:113,0
DA:114,0
DA:115,0
DA:116,0
DA:117,0
DA:118,0
DA:119,0
DA:120,0
DA:121,0
DA:122,0
DA:123,0
DA:124,0
DA:125,0
DA:126,0
DA:127,0
DA:128,0
DA:129,0
DA:130,0
DA:131,0
DA:132,0
DA:133,0
DA:134,0
DA:135,0
DA:136,0
DA:137,0
DA:138,0
DA:139,0
DA:140,0
DA:141,0
DA:142,0
DA:143,0
DA:144,0
DA:145,0
DA:146,0
DA:147,0
DA:148,0
DA:149,0
DA:150,0
DA:151,0
DA:152,0
DA:153,0
DA:154,0
DA:155,0
DA:156,0
DA:157,0
DA:158,0
DA:159,0
DA:160,0
DA:161,0
DA:162,0
DA:163,0
DA:164,0
DA:165,0
DA:166,0
DA:167,0
DA:168,0
DA:169,0
DA:170,1
DA:171,1
DA:172,0
DA:173,0
DA:174,0
DA:175,0
DA:176,0
DA:177,0
DA:178,1
DA:179,1
DA:180,1
DA:181,1
DA:182,1
DA:183,1
DA:184,0
DA:185,0
DA:186,0
DA:187,0
DA:188,1
DA:189,1
DA:190,0
DA:191,0
DA:192,0
DA:193,0
DA:194,0
DA:195,0
DA:196,0
DA:197,0
DA:198,1
DA:199,1
DA:200,0
DA:201,0
DA:202,0
DA:203,0
DA:204,0
DA:205,0
DA:206,1
LF:206
LH:49
BRDA:26,0,0,15
BRDA:179,1,0,1
BRF:2
BRH:2
end_of_record
TN:
SF:src/whatsapp/OutboundJidResolver.ts
FN:6,OutboundJidResolver
FN:8,resolveDestinationJid
FNF:2
FNH:2
FNDA:8,OutboundJidResolver
FNDA:8,resolveDestinationJid
DA:1,1
DA:2,1
DA:3,1
DA:4,1
DA:5,1
DA:6,1
DA:7,1
DA:8,1
DA:9,8
DA:10,8
DA:11,8
DA:12,8
DA:13,8
DA:14,8
DA:15,6
DA:16,6
DA:17,6
DA:18,6
DA:19,8
DA:20,8
DA:21,8
DA:22,8
DA:23,5
DA:24,5
DA:25,5
DA:26,5
DA:27,5
DA:28,1
DA:29,1
DA:30,1
DA:31,1
DA:32,1
DA:33,1
DA:34,1
DA:35,1
DA:36,4
DA:37,4
DA:38,4
DA:39,4
DA:40,4
DA:41,4
DA:42,4
DA:43,5
DA:44,2
DA:45,2
DA:46,2
DA:47,2
DA:48,2
DA:49,2
DA:50,5
DA:51,1
DA:52,1
DA:53,1
DA:54,1
DA:55,1
DA:56,2
DA:57,2
DA:58,2
DA:59,1
DA:60,1
DA:61,1
DA:62,1
DA:63,1
LF:63
LH:63
BRDA:6,0,0,8
BRDA:8,1,0,8
BRDA:13,2,0,1
BRDA:14,3,0,7
BRDA:14,4,0,1
BRDA:15,5,0,6
BRDA:18,6,0,1
BRDA:19,7,0,0
BRDA:19,8,0,1
BRDA:20,9,0,0
BRDA:22,10,0,5
BRDA:23,11,0,0
BRDA:27,12,0,2
BRDA:27,13,0,2
BRDA:27,14,0,1
BRDA:36,15,0,4
BRDA:43,16,0,3
BRDA:43,17,0,2
BRDA:50,18,0,1
BRDA:56,19,0,2
BRDA:59,20,0,1
BRF:21
BRH:18
end_of_record
TN:
SF:src/whatsapp/SessionContactResolver.ts
FN:12,SessionContactResolver
FN:18,getStore
FN:28,getContactInfo
FN:34,findContactByLid
FN:64,resolveLidToPhone
FN:147,resolveLidsToPhones
FNF:6
FNH:1
FNDA:15,SessionContactResolver
FNDA:0,getStore
FNDA:0,getContactInfo
FNDA:0,findContactByLid
FNDA:0,resolveLidToPhone
FNDA:0,resolveLidsToPhones
DA:1,1
DA:2,1
DA:3,1
DA:4,1
DA:5,1
DA:6,1
DA:7,1
DA:8,1
DA:9,1
DA:10,1
DA:11,1
DA:12,1
DA:13,15
DA:14,15
DA:15,15
DA:16,15
DA:17,1
DA:18,1
DA:19,0
DA:20,0
DA:21,0
DA:22,0
DA:23,0
DA:24,0
DA:25,0
DA:26,0
DA:27,1
DA:28,1
DA:29,0
DA:30,0
DA:31,0
DA:32,0
DA:33,1
DA:34,1
DA:35,0
DA:36,0
DA:37,0
DA:38,0
DA:39,0
DA:40,0
DA:41,0
DA:42,0
DA:43,0
DA:44,0
DA:45,0
DA:46,0
DA:47,0
DA:48,0
DA:49,0
DA:50,0
DA:51,0
DA:52,0
DA:53,0
DA:54,0
DA:55,0
DA:56,0
DA:57,0
DA:58,0
DA:59,0
DA:60,0
DA:61,0
DA:62,0
DA:63,1
DA:64,1
DA:65,0
DA:66,0
DA:67,0
DA:68,0
DA:69,0
DA:70,0
DA:71,0
DA:72,0
DA:73,0
DA:74,0
DA:75,0
DA:76,0
DA:77,0
DA:78,0
DA:79,0
DA:80,0
DA:81,0
DA:82,0
DA:83,0
DA:84,0
DA:85,0
DA:86,0
DA:87,0
DA:88,0
DA:89,0
DA:90,0
DA:91,0
DA:92,0
DA:93,0
DA:94,0
DA:95,0
DA:96,0
DA:97,0
DA:98,0
DA:99,0
DA:100,0
DA:101,0
DA:102,0
DA:103,0
DA:104,0
DA:105,0
DA:106,0
DA:107,0
DA:108,0
DA:109,0
DA:110,0
DA:111,0
DA:112,0
DA:113,0
DA:114,0
DA:115,0
DA:116,0
DA:117,0
DA:118,0
DA:119,0
DA:120,0
DA:121,0
DA:122,0
DA:123,0
DA:124,0
DA:125,0
DA:126,0
DA:127,0
DA:128,0
DA:129,0
DA:130,0
DA:131,0
DA:132,0
DA:133,0
DA:134,0
DA:135,0
DA:136,0
DA:137,0
DA:138,0
DA:139,0
DA:140,0
DA:141,0
DA:142,0
DA:143,0
DA:144,0
DA:145,0
DA:146,1
DA:147,1
DA:148,0
DA:149,0
DA:150,0
DA:151,0
DA:152,0
DA:153,0
DA:154,0
DA:155,0
DA:156,0
DA:157,0
DA:158,0
DA:159,0
DA:160,1
LF:160
LH:27
BRDA:12,0,0,15
BRF:1
BRH:1
end_of_record
TN:
SF:src/whatsapp/SessionLockService.ts
FN:28,SessionLockService
FN:32,lockKey
FN:36,acquire
FN:60,getOwner
FN:65,release
FN:76,startRenewal
FN:98,stopRenewal
FNF:7
FNH:2
FNDA:1,SessionLockService
FNDA:0,lockKey
FNDA:0,acquire
FNDA:1,getOwner
FNDA:0,release
FNDA:0,startRenewal
FNDA:0,stopRenewal
DA:1,1
DA:2,1
DA:3,1
DA:4,1
DA:5,1
DA:6,1
DA:7,1
DA:8,1
DA:9,1
DA:10,1
DA:11,1
DA:12,1
DA:13,1
DA:14,1
DA:15,1
DA:16,1
DA:17,1
DA:18,1
DA:19,1
DA:20,1
DA:21,1
DA:22,1
DA:23,1
DA:24,1
DA:25,1
DA:26,1
DA:27,1
DA:28,1
DA:29,1
DA:30,1
DA:31,1
DA:32,1
DA:33,0
DA:34,0
DA:35,1
DA:36,1
DA:37,0
DA:38,0
DA:39,0
DA:40,0
DA:41,0
DA:42,0
DA:43,0
DA:44,0
DA:45,0
DA:46,0
DA:47,0
DA:48,0
DA:49,0
DA:50,0
DA:51,0
DA:52,0
DA:53,0
DA:54,0
DA:55,0
DA:56,0
DA:57,0
DA:58,0
DA:59,1
DA:60,1
DA:61,1
DA:62,0
DA:63,0
DA:64,1
DA:65,1
DA:66,0
DA:67,0
DA:68,0
DA:69,0
DA:70,0
DA:71,0
DA:72,0
DA:73,0
DA:74,0
DA:75,1
DA:76,1
DA:77,0
DA:78,0
DA:79,0
DA:80,0
DA:81,0
DA:82,0
DA:83,0
DA:84,0
DA:85,0
DA:86,0
DA:87,0
DA:88,0
DA:89,0
DA:90,0
DA:91,0
DA:92,0
DA:93,0
DA:94,0
DA:95,0
DA:96,0
DA:97,1
DA:98,1
DA:99,0
DA:100,0
DA:101,0
DA:102,0
DA:103,0
DA:104,0
DA:105,1
DA:106,1
DA:107,1
DA:108,1
LF:108
LH:47
BRDA:28,0,0,1
BRDA:60,1,0,1
BRDA:62,2,0,0
BRF:3
BRH:2
end_of_record
TN:
SF:src/whatsapp/SessionLogger.ts
FN:29,createSessionLogger
FN:108,cleanupSessionLogger
FN:117,Object.<anonymous>.console.error
FN:129,Object.<anonymous>.console.warn
FN:144,Object.<anonymous>.console.info
FNF:5
FNH:0
FNDA:0,createSessionLogger
FNDA:0,cleanupSessionLogger
FNDA:0,Object.<anonymous>.console.error
FNDA:0,Object.<anonymous>.console.warn
FNDA:0,Object.<anonymous>.console.info
DA:1,1
DA:2,1
DA:3,1
DA:4,1
DA:5,1
DA:6,1
DA:7,1
DA:8,1
DA:9,0
DA:10,0
DA:11,0
DA:12,0
DA:13,0
DA:14,0
DA:15,0
DA:16,1
DA:17,1
DA:18,1
DA:19,1
DA:20,1
DA:21,1
DA:22,1
DA:23,1
DA:24,1
DA:25,1
DA:26,1
DA:27,1
DA:28,1
DA:29,0
DA:30,0
DA:31,0
DA:32,0
DA:33,0
DA:34,0
DA:35,0
DA:36,0
DA:37,0
DA:38,0
DA:39,0
DA:40,0
DA:41,0
DA:42,0
DA:43,0
DA:44,0
DA:45,0
DA:46,0
DA:47,0
DA:48,0
DA:49,0
DA:50,0
DA:51,0
DA:52,0
DA:53,0
DA:54,0
DA:55,0
DA:56,0
DA:57,0
DA:58,0
DA:59,0
DA:60,0
DA:61,0
DA:62,0
DA:63,0
DA:64,0
DA:65,0
DA:66,0
DA:67,0
DA:68,0
DA:69,0
DA:70,0
DA:71,0
DA:72,0
DA:73,0
DA:74,0
DA:75,0
DA:76,0
DA:77,0
DA:78,0
DA:79,0
DA:80,0
DA:81,0
DA:82,0
DA:83,0
DA:84,0
DA:85,0
DA:86,0
DA:87,0
DA:88,0
DA:89,0
DA:90,0
DA:91,0
DA:92,0
DA:93,0
DA:94,0
DA:95,0
DA:96,0
DA:97,0
DA:98,0
DA:99,0
DA:100,0
DA:101,0
DA:102,0
DA:103,0
DA:104,0
DA:105,0
DA:106,0
DA:107,1
DA:108,0
DA:109,0
DA:110,0
DA:111,0
DA:112,0
DA:113,1
DA:114,1
DA:115,1
DA:116,1
DA:117,1
DA:118,0
DA:119,0
DA:120,0
DA:121,0
DA:122,0
DA:123,0
DA:124,0
DA:125,0
DA:126,0
DA:127,1
DA:128,1
DA:129,1
DA:130,0
DA:131,0
DA:132,0
DA:133,0
DA:134,0
DA:135,0
DA:136,0
DA:137,0
DA:138,0
DA:139,0
DA:140,0
DA:141,0
DA:142,1
DA:143,1
DA:144,1
DA:145,0
DA:146,0
DA:147,0
DA:148,0
DA:149,0
DA:150,0
DA:151,0
DA:152,0
DA:153,0
LF:153
LH:33
BRDA:8,0,0,0
BRF:1
BRH:0
end_of_record
TN:
SF:src/whatsapp/SessionManager.ts
FN:32,SessionManager
FN:38,getSessionInfo
FN:72,getContactInfo
FN:76,findContactByLid
FN:80,resolveLidToPhone
FN:87,resolveLidsToPhones
FN:94,initializeSession
FN:201,getSession
FN:209,settleWithTimeout
FN:230,terminateSession
FN:320,reconnectSession
FN:346,getSessionStatus
FN:351,listSessions
FN:383,findActiveSessionForCompany
FN:428,hasActiveSessionInMemory
FN:438,getSessionStore
FN:456,flushAllMemoryStores
FN:465,getAllMemorySessions
FNF:18
FNH:8
FNDA:15,SessionManager
FNDA:3,getSessionInfo
FNDA:0,getContactInfo
FNDA:0,findContactByLid
FNDA:0,resolveLidToPhone
FNDA:0,resolveLidsToPhones
FNDA:0,initializeSession
FNDA:0,getSession
FNDA:0,settleWithTimeout
FNDA:0,terminateSession
FNDA:1,reconnectSession
FNDA:2,getSessionStatus
FNDA:3,listSessions
FNDA:3,findActiveSessionForCompany
FNDA:3,hasActiveSessionInMemory
FNDA:0,getSessionStore
FNDA:0,flushAllMemoryStores
FNDA:1,getAllMemorySessions
DA:1,1
DA:2,1
DA:3,1
DA:4,1
DA:5,1
DA:6,1
DA:7,1
DA:8,1
DA:9,1
DA:10,1
DA:11,1
DA:12,1
DA:13,1
DA:14,1
DA:15,1
DA:16,1
DA:17,1
DA:18,1
DA:19,1
DA:20,1
DA:21,1
DA:22,1
DA:23,1
DA:24,1
DA:25,1
DA:26,1
DA:27,1
DA:28,1
DA:29,1
DA:30,1
DA:31,1
DA:32,1
DA:33,15
DA:34,15
DA:35,15
DA:36,15
DA:37,1
DA:38,1
DA:39,3
DA:40,3
DA:41,3
DA:42,3
DA:43,3
DA:44,3
DA:45,3
DA:46,1
DA:47,1
DA:48,1
DA:49,1
DA:50,1
DA:51,1
DA:52,2
DA:53,2
DA:54,2
DA:55,2
DA:56,2
DA:57,3
DA:58,1
DA:59,1
DA:60,1
DA:61,1
DA:62,1
DA:63,1
DA:64,1
DA:65,1
DA:66,1
DA:67,1
DA:68,1
DA:69,1
DA:70,1
DA:71,1
DA:72,1
DA:73,0
DA:74,0
DA:75,1
DA:76,1
DA:77,0
DA:78,0
DA:79,1
DA:80,1
DA:81,0
DA:82,0
DA:83,0
DA:84,0
DA:85,0
DA:86,1
DA:87,1
DA:88,0
DA:89,0
DA:90,0
DA:91,0
DA:92,0
DA:93,1
DA:94,1
DA:95,0
DA:96,0
DA:97,0
DA:98,0
DA:99,0
DA:100,0
DA:101,0
DA:102,0
DA:103,0
DA:104,0
DA:105,0
DA:106,0
DA:107,0
DA:108,0
DA:109,0
DA:110,0
DA:111,0
DA:112,0
DA:113,0
DA:114,0
DA:115,0
DA:116,0
DA:117,0
DA:118,0
DA:119,0
DA:120,0
DA:121,0
DA:122,0
DA:123,0
DA:124,0
DA:125,0
DA:126,0
DA:127,0
DA:128,0
DA:129,0
DA:130,0
DA:131,0
DA:132,0
DA:133,0
DA:134,0
DA:135,0
DA:136,0
DA:137,0
DA:138,0
DA:139,0
DA:140,0
DA:141,0
DA:142,0
DA:143,0
DA:144,0
DA:145,0
DA:146,0
DA:147,0
DA:148,0
DA:149,0
DA:150,0
DA:151,0
DA:152,0
DA:153,0
DA:154,0
DA:155,0
DA:156,0
DA:157,0
DA:158,0
DA:159,0
DA:160,0
DA:161,0
DA:162,0
DA:163,0
DA:164,0
DA:165,0
DA:166,0
DA:167,0
DA:168,0
DA:169,0
DA:170,0
DA:171,0
DA:172,0
DA:173,0
DA:174,0
DA:175,0
DA:176,0
DA:177,0
DA:178,0
DA:179,0
DA:180,0
DA:181,0
DA:182,0
DA:183,0
DA:184,0
DA:185,0
DA:186,0
DA:187,0
DA:188,0
DA:189,0
DA:190,0
DA:191,0
DA:192,0
DA:193,0
DA:194,0
DA:195,0
DA:196,0
DA:197,0
DA:198,0
DA:199,0
DA:200,1
DA:201,1
DA:202,0
DA:203,0
DA:204,1
DA:205,1
DA:206,1
DA:207,1
DA:208,1
DA:209,1
DA:210,0
DA:211,0
DA:212,0
DA:213,0
DA:214,0
DA:215,0
DA:216,0
DA:217,0
DA:218,0
DA:219,0
DA:220,0
DA:221,0
DA:222,0
DA:223,0
DA:224,0
DA:225,0
DA:226,0
DA:227,0
DA:228,0
DA:229,1
DA:230,1
DA:231,0
DA:232,0
DA:233,0
DA:234,0
DA:235,0
DA:236,0
DA:237,0
DA:238,0
DA:239,0
DA:240,0
DA:241,0
DA:242,0
DA:243,0
DA:244,0
DA:245,0
DA:246,0
DA:247,0
DA:248,0
DA:249,0
DA:250,0
DA:251,0
DA:252,0
DA:253,0
DA:254,0
DA:255,0
DA:256,0
DA:257,0
DA:258,0
DA:259,0
DA:260,0
DA:261,0
DA:262,0
DA:263,0
DA:264,0
DA:265,0
DA:266,0
DA:267,0
DA:268,0
DA:269,0
DA:270,0
DA:271,0
DA:272,0
DA:273,0
DA:274,0
DA:275,0
DA:276,0
DA:277,0
DA:278,0
DA:279,0
DA:280,0
DA:281,0
DA:282,0
DA:283,0
DA:284,0
DA:285,0
DA:286,0
DA:287,0
DA:288,0
DA:289,0
DA:290,0
DA:291,0
DA:292,0
DA:293,0
DA:294,0
DA:295,0
DA:296,0
DA:297,0
DA:298,0
DA:299,0
DA:300,0
DA:301,0
DA:302,0
DA:303,0
DA:304,0
DA:305,0
DA:306,0
DA:307,0
DA:308,0
DA:309,0
DA:310,0
DA:311,0
DA:312,0
DA:313,0
DA:314,0
DA:315,0
DA:316,0
DA:317,0
DA:318,0
DA:319,1
DA:320,1
DA:321,1
DA:322,1
DA:323,1
DA:324,1
DA:325,1
DA:326,1
DA:327,0
DA:328,0
DA:329,0
DA:330,0
DA:331,0
DA:332,0
DA:333,1
DA:334,1
DA:335,1
DA:336,1
DA:337,1
DA:338,0
DA:339,0
DA:340,0
DA:341,0
DA:342,0
DA:343,0
DA:344,0
DA:345,1
DA:346,1
DA:347,2
DA:348,2
DA:349,2
DA:350,1
DA:351,1
DA:352,3
DA:353,3
DA:354,3
DA:355,3
DA:356,3
DA:357,3
DA:358,3
DA:359,3
DA:360,3
DA:361,3
DA:362,2
DA:363,2
DA:364,2
DA:365,2
DA:366,1
DA:367,1
DA:368,2
DA:369,2
DA:370,2
DA:371,2
DA:372,2
DA:373,2
DA:374,2
DA:375,2
DA:376,2
DA:377,2
DA:378,2
DA:379,2
DA:380,3
DA:381,3
DA:382,1
DA:383,1
DA:384,3
DA:385,3
DA:386,3
DA:387,1
DA:388,1
DA:389,1
DA:390,1
DA:391,1
DA:392,2
DA:393,2
DA:394,2
DA:395,2
DA:396,2
DA:397,2
DA:398,2
DA:399,2
DA:400,2
DA:401,3
DA:402,1
DA:403,1
DA:404,1
DA:405,1
DA:406,1
DA:407,0
DA:408,0
DA:409,0
DA:410,0
DA:411,0
DA:412,0
DA:413,0
DA:414,1
DA:415,1
DA:416,1
DA:417,1
DA:418,1
DA:419,1
DA:420,1
DA:421,1
DA:422,1
DA:423,1
DA:424,2
DA:425,2
DA:426,2
DA:427,1
DA:428,1
DA:429,3
DA:430,3
DA:431,3
DA:432,1
DA:433,1
DA:434,3
DA:435,2
DA:436,2
DA:437,1
DA:438,1
DA:439,0
DA:440,0
DA:441,0
DA:442,0
DA:443,0
DA:444,0
DA:445,0
DA:446,0
DA:447,0
DA:448,0
DA:449,0
DA:450,0
DA:451,0
DA:452,0
DA:453,0
DA:454,0
DA:455,1
DA:456,1
DA:457,0
DA:458,0
DA:459,0
DA:460,0
DA:461,0
DA:462,0
DA:463,0
DA:464,1
DA:465,1
DA:466,1
DA:467,1
DA:468,2
DA:469,1
DA:470,1
DA:471,1
DA:472,1
DA:473,1
LF:473
LH:202
BRDA:32,0,0,15
BRDA:38,1,0,3
BRDA:45,2,0,1
BRDA:52,3,0,2
BRDA:57,4,0,1
BRDA:320,5,0,1
BRDA:326,6,0,0
BRDA:338,7,0,0
BRDA:346,8,0,2
BRDA:348,9,0,1
BRDA:348,10,0,1
BRDA:351,11,0,3
BRDA:361,12,0,2
BRDA:364,13,0,0
BRDA:365,14,0,1
BRDA:365,15,0,1
BRDA:371,16,0,1
BRDA:371,17,0,1
BRDA:374,18,0,1
BRDA:383,19,0,3
BRDA:386,20,0,1
BRDA:392,21,0,2
BRDA:401,22,0,1
BRDA:403,23,0,0
BRDA:406,24,0,0
BRDA:424,25,0,2
BRDA:428,26,0,3
BRDA:431,27,0,2
BRDA:431,28,0,1
BRDA:435,29,0,2
BRDA:465,30,0,1
BRDA:467,31,0,2
BRF:32
BRH:27
end_of_record
TN:
SF:src/whatsapp/SimpleStore.ts
FN:19,SimpleInMemoryStore
FN:26,upsertContact
FN:63,appendMessage
FN:92,bind
FN:206,getPhoneFromLid
FN:211,getStats
FN:225,flush
FN:235,writeToRedis
FN:275,readFromRedis
FN:298,enablePersistence
FN:313,disablePersistence
FNF:11
FNH:0
FNDA:0,SimpleInMemoryStore
FNDA:0,upsertContact
FNDA:0,appendMessage
FNDA:0,bind
FNDA:0,getPhoneFromLid
FNDA:0,getStats
FNDA:0,flush
FNDA:0,writeToRedis
FNDA:0,readFromRedis
FNDA:0,enablePersistence
FNDA:0,disablePersistence
DA:1,1
DA:2,1
DA:3,1
DA:4,1
DA:5,1
DA:6,1
DA:7,1
DA:8,1
DA:9,1
DA:10,1
DA:11,1
DA:12,1
DA:13,1
DA:14,1
DA:15,1
DA:16,1
DA:17,1
DA:18,1
DA:19,0
DA:20,0
DA:21,0
DA:22,0
DA:23,0
DA:24,0
DA:25,0
DA:26,0
DA:27,0
DA:28,0
DA:29,0
DA:30,0
DA:31,0
DA:32,0
DA:33,0
DA:34,0
DA:35,0
DA:36,0
DA:37,0
DA:38,0
DA:39,0
DA:40,0
DA:41,0
DA:42,0
DA:43,0
DA:44,0
DA:45,0
DA:46,0
DA:47,0
DA:48,0
DA:49,0
DA:50,0
DA:51,0
DA:52,0
DA:53,0
DA:54,0
DA:55,0
DA:56,0
DA:57,0
DA:58,0
DA:59,0
DA:60,0
DA:61,0
DA:62,0
DA:63,0
DA:64,0
DA:65,0
DA:66,0
DA:67,0
DA:68,0
DA:69,0
DA:70,0
DA:71,0
DA:72,0
DA:73,0
DA:74,0
DA:75,0
DA:76,0
DA:77,0
DA:78,0
DA:79,0
DA:80,0
DA:81,0
DA:82,0
DA:83,0
DA:84,0
DA:85,0
DA:86,0
DA:87,0
DA:88,0
DA:89,0
DA:90,0
DA:91,0
DA:92,0
DA:93,0
DA:94,0
DA:95,0
DA:96,0
DA:97,0
DA:98,0
DA:99,0
DA:100,0
DA:101,0
DA:102,0
DA:103,0
DA:104,0
DA:105,0
DA:106,0
DA:107,0
DA:108,0
DA:109,0
DA:110,0
DA:111,0
DA:112,0
DA:113,0
DA:114,0
DA:115,0
DA:116,0
DA:117,0
DA:118,0
DA:119,0
DA:120,0
DA:121,0
DA:122,0
DA:123,0
DA:124,0
DA:125,0
DA:126,0
DA:127,0
DA:128,0
DA:129,0
DA:130,0
DA:131,0
DA:132,0
DA:133,0
DA:134,0
DA:135,0
DA:136,0
DA:137,0
DA:138,0
DA:139,0
DA:140,0
DA:141,0
DA:142,0
DA:143,0
DA:144,0
DA:145,0
DA:146,0
DA:147,0
DA:148,0
DA:149,0
DA:150,0
DA:151,0
DA:152,0
DA:153,0
DA:154,0
DA:155,0
DA:156,0
DA:157,0
DA:158,0
DA:159,0
DA:160,0
DA:161,0
DA:162,0
DA:163,0
DA:164,0
DA:165,0
DA:166,0
DA:167,0
DA:168,0
DA:169,0
DA:170,0
DA:171,0
DA:172,0
DA:173,0
DA:174,0
DA:175,0
DA:176,0
DA:177,0
DA:178,0
DA:179,0
DA:180,0
DA:181,0
DA:182,0
DA:183,0
DA:184,0
DA:185,0
DA:186,0
DA:187,0
DA:188,0
DA:189,0
DA:190,0
DA:191,0
DA:192,0
DA:193,0
DA:194,0
DA:195,0
DA:196,0
DA:197,0
DA:198,0
DA:199,0
DA:200,0
DA:201,0
DA:202,0
DA:203,0
DA:204,0
DA:205,0
DA:206,0
DA:207,0
DA:208,0
DA:209,0
DA:210,0
DA:211,0
DA:212,0
DA:213,0
DA:214,0
DA:215,0
DA:216,0
DA:217,0
DA:218,0
DA:219,0
DA:220,0
DA:221,0
DA:222,0
DA:223,0
DA:224,0
DA:225,0
DA:226,0
DA:227,0
DA:228,0
DA:229,0
DA:230,0
DA:231,0
DA:232,0
DA:233,0
DA:234,0
DA:235,0
DA:236,0
DA:237,0
DA:238,0
DA:239,0
DA:240,0
DA:241,0
DA:242,0
DA:243,0
DA:244,0
DA:245,0
DA:246,0
DA:247,0
DA:248,0
DA:249,0
DA:250,0
DA:251,0
DA:252,0
DA:253,0
DA:254,0
DA:255,0
DA:256,0
DA:257,0
DA:258,0
DA:259,0
DA:260,0
DA:261,0
DA:262,0
DA:263,0
DA:264,0
DA:265,0
DA:266,0
DA:267,0
DA:268,0
DA:269,0
DA:270,0
DA:271,0
DA:272,0
DA:273,0
DA:274,0
DA:275,0
DA:276,0
DA:277,0
DA:278,0
DA:279,0
DA:280,0
DA:281,0
DA:282,0
DA:283,0
DA:284,0
DA:285,0
DA:286,0
DA:287,0
DA:288,0
DA:289,0
DA:290,0
DA:291,0
DA:292,0
DA:293,0
DA:294,0
DA:295,0
DA:296,0
DA:297,0
DA:298,0
DA:299,0
DA:300,0
DA:301,0
DA:302,0
DA:303,0
DA:304,0
DA:305,0
DA:306,0
DA:307,0
DA:308,0
DA:309,0
DA:310,0
DA:311,0
DA:312,0
DA:313,0
DA:314,0
DA:315,0
DA:316,0
DA:317,0
DA:318,0
DA:319,0
DA:320,0
LF:320
LH:18
BRF:0
BRH:0
end_of_record
TN:
SF:src/whatsapp/events/EventBus.ts
FN:9,EventBus
FN:14,getInstance
FN:21,publish
FN:39,subscribe
FN:58,subscribeOnce
FN:65,unsubscribe
FNF:6
FNH:2
FNDA:1,EventBus
FNDA:15,getInstance
FNDA:0,publish
FNDA:0,subscribe
FNDA:0,subscribeOnce
FNDA:0,unsubscribe
DA:1,1
DA:2,1
DA:3,1
DA:4,1
DA:5,1
DA:6,1
DA:7,1
DA:8,1
DA:9,1
DA:10,1
DA:11,1
DA:12,1
DA:13,1
DA:14,1
DA:15,15
DA:16,1
DA:17,1
DA:18,15
DA:19,15
DA:20,1
DA:21,1
DA:22,0
DA:23,0
DA:24,0
DA:25,0
DA:26,0
DA:27,0
DA:28,0
DA:29,0
DA:30,0
DA:31,0
DA:32,0
DA:33,0
DA:34,0
DA:35,0
DA:36,0
DA:37,0
DA:38,1
DA:39,1
DA:40,0
DA:41,0
DA:42,0
DA:43,0
DA:44,0
DA:45,0
DA:46,0
DA:47,0
DA:48,0
DA:49,0
DA:50,0
DA:51,0
DA:52,0
DA:53,0
DA:54,0
DA:55,0
DA:56,0
DA:57,1
DA:58,1
DA:59,0
DA:60,0
DA:61,0
DA:62,0
DA:63,0
DA:64,1
DA:65,1
DA:66,0
DA:67,0
DA:68,0
DA:69,0
DA:70,0
DA:71,1
LF:71
LH:28
BRDA:9,0,0,1
BRDA:14,1,0,15
BRDA:15,2,0,1
BRF:3
BRH:3
end_of_record
TN:
SF:src/whatsapp/events/WhatsAppEvents.ts
FNF:0
FNH:0
DA:1,1
DA:2,1
DA:3,1
DA:4,1
DA:5,1
DA:6,1
DA:7,1
DA:8,1
DA:9,1
DA:10,1
DA:11,1
DA:12,1
DA:13,1
DA:14,1
DA:15,1
DA:16,1
DA:17,1
DA:18,1
DA:19,1
DA:20,1
DA:21,1
DA:22,1
DA:23,1
DA:24,1
DA:25,1
DA:26,1
DA:27,1
DA:28,1
DA:29,1
DA:30,1
DA:31,1
DA:32,1
DA:33,1
DA:34,1
DA:35,1
DA:36,1
DA:37,1
DA:38,1
DA:39,1
DA:40,1
DA:41,1
DA:42,1
DA:43,1
DA:44,1
DA:45,1
DA:46,1
DA:47,1
DA:48,1
DA:49,1
DA:50,1
DA:51,1
DA:52,1
DA:53,1
DA:54,1
DA:55,1
DA:56,1
DA:57,1
DA:58,1
DA:59,1
DA:60,1
DA:61,1
DA:62,1
DA:63,1
DA:64,1
DA:65,1
DA:66,1
DA:67,1
DA:68,1
DA:69,1
DA:70,1
DA:71,1
DA:72,1
DA:73,1
DA:74,1
LF:74
LH:74
BRDA:3,0,0,1
BRF:1
BRH:1
end_of_record
TN:
SF:src/whatsapp/utils/WhatsAppIdUtils.ts
FN:5,getCleanJid
FN:17,cleanChannelId
FN:23,isGroup
FN:27,getTargetJid
FN:44,isUser
FN:48,getSenderJid
FN:61,getPhoneNumber
FN:82,formatDisplayPhone
FN:87,isRealPhoneNumber
FN:103,isValidCrmPhone
FN:119,isLid
FN:151,extractDisplayPhone
FNF:12
FNH:11
FNDA:19,getCleanJid
FNDA:0,cleanChannelId
FNDA:13,isGroup
FNDA:10,getTargetJid
FNDA:2,isUser
FNDA:3,getSenderJid
FNDA:10,getPhoneNumber
FNDA:6,formatDisplayPhone
FNDA:12,isRealPhoneNumber
FNDA:5,isValidCrmPhone
FNDA:49,isLid
FNDA:5,extractDisplayPhone
DA:1,1
DA:2,1
DA:3,1
DA:4,1
DA:5,1
DA:6,19
DA:7,17
DA:8,17
DA:9,19
DA:10,15
DA:11,15
DA:12,15
DA:13,15
DA:14,15
DA:15,15
DA:16,1
DA:17,1
DA:18,0
DA:19,0
DA:20,0
DA:21,0
DA:22,1
DA:23,1
DA:24,13
DA:25,13
DA:26,1
DA:27,1
DA:28,10
DA:29,10
DA:30,10
DA:31,10
DA:32,6
DA:33,10
DA:34,1
DA:35,1
DA:36,5
DA:37,10
DA:38,2
DA:39,2
DA:40,3
DA:41,3
DA:42,3
DA:43,1
DA:44,1
DA:45,2
DA:46,2
DA:47,1
DA:48,1
DA:49,3
DA:50,3
DA:51,1
DA:52,1
DA:53,2
DA:54,3
DA:55,1
DA:56,1
DA:57,1
DA:58,1
DA:59,1
DA:60,1
DA:61,1
DA:62,10
DA:63,10
DA:64,9
DA:65,10
DA:66,10
DA:67,7
DA:68,7
DA:69,7
DA:70,10
DA:71,10
DA:72,10
DA:73,10
DA:74,4
DA:75,10
DA:76,0
DA:77,0
DA:78,4
DA:79,4
DA:80,4
DA:81,1
DA:82,1
DA:83,6
DA:84,6
DA:85,6
DA:86,1
DA:87,1
DA:88,12
DA:89,11
DA:90,12
DA:91,9
DA:92,12
DA:93,9
DA:94,12
DA:95,9
DA:96,12
DA:97,8
DA:98,12
DA:99,6
DA:100,6
DA:101,6
DA:102,1
DA:103,1
DA:104,5
DA:105,3
DA:106,3
DA:107,5
DA:108,5
DA:109,1
DA:110,1
DA:111,5
DA:112,5
DA:113,0
DA:114,0
DA:115,1
DA:116,1
DA:117,1
DA:118,1
DA:119,1
DA:120,49
DA:121,49
DA:122,49
DA:123,44
DA:124,44
DA:125,44
DA:126,49
DA:127,41
DA:128,49
DA:129,9
DA:130,9
DA:131,32
DA:132,49
DA:133,10
DA:134,10
DA:135,10
DA:136,10
DA:137,10
DA:138,10
DA:139,10
DA:140,10
DA:141,10
DA:142,9
DA:143,9
DA:144,1
DA:145,1
DA:146,10
DA:147,22
DA:148,22
DA:149,22
DA:150,1
DA:151,1
DA:152,5
DA:153,5
DA:154,5
DA:155,5
DA:156,5
DA:157,2
DA:158,2
DA:159,2
DA:160,4
DA:161,5
DA:162,1
DA:163,1
DA:164,1
DA:165,3
DA:166,5
DA:167,1
DA:168,1
DA:169,1
DA:170,1
DA:171,1
DA:172,2
DA:173,2
DA:174,2
DA:175,1
LF:175
LH:167
BRDA:5,0,0,19
BRDA:6,1,0,2
BRDA:7,2,0,17
BRDA:9,3,0,2
BRDA:10,4,0,15
BRDA:23,5,0,13
BRDA:27,6,0,10
BRDA:28,7,0,1
BRDA:29,8,0,9
BRDA:29,9,0,1
BRDA:30,10,0,8
BRDA:30,11,0,1
BRDA:31,12,0,7
BRDA:31,13,0,1
BRDA:32,14,0,6
BRDA:33,15,0,1
BRDA:36,16,0,5
BRDA:37,17,0,4
BRDA:37,18,0,2
BRDA:40,19,0,3
BRDA:44,20,0,2
BRDA:48,21,0,3
BRDA:50,22,0,1
BRDA:51,23,0,0
BRDA:53,24,0,2
BRDA:54,25,0,0
BRDA:54,26,0,1
BRDA:55,27,0,0
BRDA:61,28,0,10
BRDA:63,29,0,1
BRDA:64,30,0,9
BRDA:65,31,0,1
BRDA:66,32,0,8
BRDA:66,33,0,1
BRDA:67,34,0,7
BRDA:70,35,0,1
BRDA:71,36,0,6
BRDA:71,37,0,1
BRDA:72,38,0,5
BRDA:72,39,0,0
BRDA:73,40,0,5
BRDA:73,41,0,4
BRDA:73,42,0,1
BRDA:74,43,0,4
BRDA:75,44,0,0
BRDA:78,45,0,4
BRDA:82,46,0,6
BRDA:83,47,0,1
BRDA:84,48,0,5
BRDA:84,49,0,1
BRDA:84,50,0,4
BRDA:87,51,0,12
BRDA:88,52,0,1
BRDA:89,53,0,11
BRDA:90,54,0,2
BRDA:91,55,0,9
BRDA:92,56,0,0
BRDA:92,57,0,0
BRDA:93,58,0,9
BRDA:94,59,0,0
BRDA:95,60,0,9
BRDA:96,61,0,1
BRDA:97,62,0,8
BRDA:98,63,0,2
BRDA:99,64,0,6
BRDA:103,65,0,5
BRDA:104,66,0,2
BRDA:105,67,0,3
BRDA:107,68,0,2
BRDA:108,69,0,1
BRDA:108,70,0,0
BRDA:109,71,0,1
BRDA:111,72,0,0
BRDA:112,73,0,0
BRDA:115,74,0,1
BRDA:119,75,0,49
BRDA:120,76,0,1
BRDA:121,77,0,48
BRDA:121,78,0,3
BRDA:122,79,0,45
BRDA:122,80,0,1
BRDA:123,81,0,44
BRDA:126,82,0,3
BRDA:127,83,0,41
BRDA:128,84,0,10
BRDA:128,85,0,9
BRDA:131,86,0,32
BRDA:132,87,0,10
BRDA:133,88,0,9
BRDA:134,89,0,8
BRDA:135,90,0,7
BRDA:136,91,0,6
BRDA:137,92,0,5
BRDA:138,93,0,4
BRDA:139,94,0,3
BRDA:140,95,0,2
BRDA:141,96,0,9
BRDA:144,97,0,1
BRDA:147,98,0,22
BRDA:151,99,0,5
BRDA:156,100,0,2
BRDA:158,101,0,1
BRDA:160,102,0,4
BRDA:161,103,0,1
BRDA:165,104,0,3
BRDA:166,105,0,1
BRDA:172,106,0,2
BRF:107
BRH:96
end_of_record
TN:
SF:src/workers/OutboundWorker.ts
FN:28,OutboundWorker
FN:38,OutboundWorker.worker.bullmq_1.Worker.connection
FNF:2
FNH:2
FNDA:1,OutboundWorker
FNDA:5,OutboundWorker.worker.bullmq_1.Worker.connection
DA:1,1
DA:2,1
DA:3,1
DA:4,1
DA:5,1
DA:6,1
DA:7,1
DA:8,1
DA:9,1
DA:10,1
DA:11,1
DA:12,1
DA:13,1
DA:14,1
DA:15,1
DA:16,1
DA:17,1
DA:18,1
DA:19,1
DA:20,1
DA:21,1
DA:22,1
DA:23,1
DA:24,1
DA:25,1
DA:26,1
DA:27,1
DA:28,1
DA:29,1
DA:30,1
DA:31,1
DA:32,1
DA:33,0
DA:34,0
DA:35,1
DA:36,1
DA:37,1
DA:38,1
DA:39,5
DA:40,5
DA:41,5
DA:42,5
DA:43,5
DA:44,5
DA:45,5
DA:46,5
DA:47,5
DA:48,5
DA:49,2
DA:50,2
DA:51,3
DA:52,3
DA:53,3
DA:54,3
DA:55,3
DA:56,5
DA:57,5
DA:58,5
DA:59,5
DA:60,5
DA:61,5
DA:62,5
DA:63,0
DA:64,0
DA:65,0
DA:66,0
DA:67,0
DA:68,0
DA:69,3
DA:70,3
DA:71,3
DA:72,5
DA:73,3
DA:74,5
DA:75,0
DA:76,0
DA:77,0
DA:78,0
DA:79,0
DA:80,0
DA:81,0
DA:82,0
DA:83,0
DA:84,0
DA:85,0
DA:86,0
DA:87,0
DA:88,0
DA:89,0
DA:90,0
DA:91,0
DA:92,0
DA:93,0
DA:94,0
DA:95,0
DA:96,0
DA:97,0
DA:98,0
DA:99,0
DA:100,0
DA:101,0
DA:102,0
DA:103,0
DA:104,0
DA:105,0
DA:106,0
DA:107,0
DA:108,0
DA:109,0
DA:110,0
DA:111,0
DA:112,0
DA:113,3
DA:114,3
DA:115,3
DA:116,3
DA:117,3
DA:118,3
DA:119,1
DA:120,5
DA:121,5
DA:122,5
DA:123,5
DA:124,5
DA:125,5
DA:126,5
DA:127,5
DA:128,5
DA:129,5
DA:130,5
DA:131,5
DA:132,5
DA:133,1
DA:134,1
DA:135,5
DA:136,4
DA:137,4
DA:138,4
DA:139,4
DA:140,4
DA:141,4
DA:142,4
DA:143,4
DA:144,4
DA:145,4
DA:146,4
DA:147,4
DA:148,4
DA:149,4
DA:150,4
DA:151,4
DA:152,4
DA:153,4
DA:154,4
DA:155,4
DA:156,4
DA:157,4
DA:158,4
DA:159,1
DA:160,1
DA:161,3
DA:162,3
DA:163,3
DA:164,1
DA:165,1
DA:166,1
DA:167,1
DA:168,1
DA:169,1
DA:170,1
DA:171,1
DA:172,1
DA:173,1
DA:174,1
DA:175,1
DA:176,0
DA:177,1
DA:178,1
DA:179,1
DA:180,1
LF:180
LH:133
BRDA:28,0,0,1
BRDA:32,1,0,0
BRDA:38,2,0,5
BRDA:48,3,0,2
BRDA:51,4,0,3
BRDA:59,5,0,3
BRDA:62,6,0,0
BRDA:69,7,0,3
BRDA:72,8,0,3
BRDA:74,9,0,0
BRDA:113,10,0,3
BRDA:119,11,0,1
BRDA:120,12,0,0
BRDA:124,13,0,1
BRDA:133,14,0,1
BRDA:135,15,0,4
BRDA:136,16,0,0
BRDA:158,17,0,1
BRDA:161,18,0,3
BRDA:158,19,0,19
BRF:20
BRH:15
end_of_record
